0.2.0 08.02.2017
Убраны баги со временем
Добавлена иконка
Добавлены названия-заглушки для неизвестных процессов

0.1.7 08.02.2017
Оптимизация (не уверен, что стало лучше)
Написаны некоторые комментарии

0.1.5 07.02.2017
Добавлено отслеживание афк
Добавлено сохранение прогресса без подробностей
Добавлен просмотр общей статистики

0.1.2 07.02.2017
Убрана неработающая сортировка
Добавлен выбор процесса
Добавлен выбор по шкале
Добавлено отображение времени
Добавлено отображение занятости каждого окна
Добавлено изменение размера окна

0.0.6 05.02.2017
Добавлено графическое отображение
Добавлен временная шкала использования
Добавлена неработающая сортировка

0.0.3 05.02.2017
Создан функционал поиска процесса и окна
Созданы типы данных для запоминания статистики
Реализовано простое запоминание

0.0.0 05.02.2017
Инициализация гит

Start: 05.02.2017
